<?xml version="1.0" encoding="UTF-8"?>
<!-- Generated by org.testng.reporters.JUnitReportReporter -->
<testsuite hostname="DESKTOP-8JN2AJV" failures="0" tests="1" name="Automation.TestRunner1" time="1.027" errors="1" timestamp="2019-11-16T18:02:30 GMT-08:00" skipped="0">
  <testcase classname="Automation.TestRunner1" name="runScenario" time="1.027">
    <error type="java.lang.NullPointerException">
      <![CDATA[java.lang.NullPointerException
at Automation.Stepdefinitions1.open_browser_and_enter_url(Stepdefinitions1.java:20)
at ✽.open browser and enter url(file:src/test/resources/features/Upload.feature:7)
]]>
    </error>
  </testcase> <!-- runScenario -->
</testsuite> <!-- Automation.TestRunner1 -->
