<?xml version="1.0" encoding="UTF-8"?>
<!-- Generated by org.testng.reporters.JUnitReportReporter -->
<testsuite hostname="DESKTOP-8JN2AJV" failures="0" tests="2" name="Automation.TestRunner" time="20.843" errors="1" timestamp="2019-11-14T03:11:46 GMT-08:00" skipped="0">
  <testcase classname="Automation.TestRunner" name="runScenario" time="20.796"/>
  <testcase classname="Automation.TestRunner" name="runScenario" time="0.047">
    <error type="java.lang.NullPointerException">
      <![CDATA[java.lang.NullPointerException
at Automation.Stepdefinitions1.open_browser_and_enter_url(Stepdefinitions1.java:20)
at ✽.open browser and enter url(file:src/test/resources/features/Upload.feature:7)
]]>
    </error>
  </testcase> <!-- runScenario -->
</testsuite> <!-- Automation.TestRunner -->
